<?xml version="1.0" encoding="UTF-8"?>
<!-- Generated by org.testng.reporters.JUnitReportReporter -->
<testsuite hostname="DESKTOP-O0830P1" failures="0" tests="1" name="runner.mainRunner" time="105.101" errors="0" timestamp="2023-07-25T13:14:18 IST" skipped="0">
  <testcase classname="runner.mainRunner" name="runScenario" time="105.101"/>
  <system-out/>
</testsuite> <!-- runner.mainRunner -->
