<?xml version="1.0" encoding="UTF-8"?>
<!-- Generated by org.testng.reporters.JUnitReportReporter -->
<testsuite hostname="DESKTOP-O0830P1" failures="0" tests="1" name="runner.mainRunner" time="102.675" errors="0" timestamp="2023-08-09T17:35:18 IST" skipped="0">
  <testcase classname="runner.mainRunner" name="runScenario" time="102.675"/>
  <system-out/>
</testsuite> <!-- runner.mainRunner -->
